08 Sep 2017, 12:07:09,073 Cluster created with settings {hosts=[mongo.vnbaivip.com:27017], mode=SINGLE, requiredClusterType=UNKNOWN, serverSelectionTimeout='30000 ms', maxWaitQueueSize=500}
08 Sep 2017, 12:07:09,165 No server chosen by WritableServerSelector from cluster description ClusterDescription{type=UNKNOWN, connectionMode=SINGLE, serverDescriptions=[ServerDescription{address=mongo.vnbaivip.com:27017, type=UNKNOWN, state=CONNECTING}]}. Waiting for 30000 ms before timing out
08 Sep 2017, 12:07:09,401 Opened connection [connectionId{localValue:1, serverValue:5764}] to mongo.vnbaivip.com:27017
08 Sep 2017, 12:07:09,425 Monitor thread successfully connected to server with description ServerDescription{address=mongo.vnbaivip.com:27017, type=REPLICA_SET_PRIMARY, state=CONNECTED, ok=true, version=ServerVersion{versionList=[3, 4, 6]}, minWireVersion=0, maxWireVersion=5, maxDocumentSize=16777216, roundTripTimeNanos=21407009, setName='myreplica01', canonicalAddress=gal1:27017, hosts=[gal2:27017, gal1:27017], passives=[], arbiters=[], primary='gal1:27017', tagSet=TagSet{[]}, electionId=7fffffff0000000000000010, setVersion=2, lastWriteDate=Fri Sep 08 12:07:45 ICT 2017, lastUpdateTimeNanos=2478282310841}
08 Sep 2017, 12:07:09,603 Opened connection [connectionId{localValue:2, serverValue:5765}] to mongo.vnbaivip.com:27017
08 Sep 2017, 12:08:32,654 Cluster created with settings {hosts=[mongo.vnbaivip.com:27017], mode=SINGLE, requiredClusterType=UNKNOWN, serverSelectionTimeout='30000 ms', maxWaitQueueSize=500}
08 Sep 2017, 12:08:32,733 No server chosen by WritableServerSelector from cluster description ClusterDescription{type=UNKNOWN, connectionMode=SINGLE, serverDescriptions=[ServerDescription{address=mongo.vnbaivip.com:27017, type=UNKNOWN, state=CONNECTING}]}. Waiting for 30000 ms before timing out
08 Sep 2017, 12:08:32,995 Opened connection [connectionId{localValue:1, serverValue:5771}] to mongo.vnbaivip.com:27017
08 Sep 2017, 12:08:33,019 Monitor thread successfully connected to server with description ServerDescription{address=mongo.vnbaivip.com:27017, type=REPLICA_SET_PRIMARY, state=CONNECTED, ok=true, version=ServerVersion{versionList=[3, 4, 6]}, minWireVersion=0, maxWireVersion=5, maxDocumentSize=16777216, roundTripTimeNanos=21273456, setName='myreplica01', canonicalAddress=gal1:27017, hosts=[gal2:27017, gal1:27017], passives=[], arbiters=[], primary='gal1:27017', tagSet=TagSet{[]}, electionId=7fffffff0000000000000010, setVersion=2, lastWriteDate=Fri Sep 08 12:09:03 ICT 2017, lastUpdateTimeNanos=2561875690485}
08 Sep 2017, 12:08:33,186 Opened connection [connectionId{localValue:2, serverValue:5772}] to mongo.vnbaivip.com:27017
09 Sep 2017, 09:23:59,949 Cluster created with settings {hosts=[mongo.vnbaivip.com:27017], mode=SINGLE, requiredClusterType=UNKNOWN, serverSelectionTimeout='30000 ms', maxWaitQueueSize=500}
09 Sep 2017, 09:24:00,714 No server chosen by WritableServerSelector from cluster description ClusterDescription{type=UNKNOWN, connectionMode=SINGLE, serverDescriptions=[ServerDescription{address=mongo.vnbaivip.com:27017, type=UNKNOWN, state=CONNECTING}]}. Waiting for 30000 ms before timing out
09 Sep 2017, 09:24:20,752 Exception in monitor thread while connecting to server mongo.vnbaivip.com:27017
com.mongodb.MongoSocketOpenException: Exception opening socket
	at com.mongodb.connection.SocketStream.open(SocketStream.java:63)
	at com.mongodb.connection.InternalStreamConnection.open(InternalStreamConnection.java:115)
	at com.mongodb.connection.DefaultServerMonitor$ServerMonitorRunnable.run(DefaultServerMonitor.java:113)
	at java.lang.Thread.run(Unknown Source)
Caused by: java.net.SocketTimeoutException: connect timed out
	at java.net.DualStackPlainSocketImpl.waitForConnect(Native Method)
	at java.net.DualStackPlainSocketImpl.socketConnect(Unknown Source)
	at java.net.AbstractPlainSocketImpl.doConnect(Unknown Source)
	at java.net.AbstractPlainSocketImpl.connectToAddress(Unknown Source)
	at java.net.AbstractPlainSocketImpl.connect(Unknown Source)
	at java.net.PlainSocketImpl.connect(Unknown Source)
	at java.net.SocksSocketImpl.connect(Unknown Source)
	at java.net.Socket.connect(Unknown Source)
	at com.mongodb.connection.SocketStreamHelper.initialize(SocketStreamHelper.java:57)
	at com.mongodb.connection.SocketStream.open(SocketStream.java:58)
	... 3 more
09 Sep 2017, 09:25:57,618 Cluster created with settings {hosts=[mongo.vnbaivip.com:27017], mode=SINGLE, requiredClusterType=UNKNOWN, serverSelectionTimeout='30000 ms', maxWaitQueueSize=500}
09 Sep 2017, 09:25:57,762 No server chosen by WritableServerSelector from cluster description ClusterDescription{type=UNKNOWN, connectionMode=SINGLE, serverDescriptions=[ServerDescription{address=mongo.vnbaivip.com:27017, type=UNKNOWN, state=CONNECTING}]}. Waiting for 30000 ms before timing out
09 Sep 2017, 09:26:17,747 Exception in monitor thread while connecting to server mongo.vnbaivip.com:27017
com.mongodb.MongoSocketOpenException: Exception opening socket
	at com.mongodb.connection.SocketStream.open(SocketStream.java:63)
	at com.mongodb.connection.InternalStreamConnection.open(InternalStreamConnection.java:115)
	at com.mongodb.connection.DefaultServerMonitor$ServerMonitorRunnable.run(DefaultServerMonitor.java:113)
	at java.lang.Thread.run(Unknown Source)
Caused by: java.net.SocketTimeoutException: connect timed out
	at java.net.DualStackPlainSocketImpl.waitForConnect(Native Method)
	at java.net.DualStackPlainSocketImpl.socketConnect(Unknown Source)
	at java.net.AbstractPlainSocketImpl.doConnect(Unknown Source)
	at java.net.AbstractPlainSocketImpl.connectToAddress(Unknown Source)
	at java.net.AbstractPlainSocketImpl.connect(Unknown Source)
	at java.net.PlainSocketImpl.connect(Unknown Source)
	at java.net.SocksSocketImpl.connect(Unknown Source)
	at java.net.Socket.connect(Unknown Source)
	at com.mongodb.connection.SocketStreamHelper.initialize(SocketStreamHelper.java:57)
	at com.mongodb.connection.SocketStream.open(SocketStream.java:58)
	... 3 more
09 Sep 2017, 09:32:22,145 Cluster created with settings {hosts=[mongo.vnbaivip.com:27017], mode=SINGLE, requiredClusterType=UNKNOWN, serverSelectionTimeout='30000 ms', maxWaitQueueSize=500}
09 Sep 2017, 09:32:22,283 No server chosen by WritableServerSelector from cluster description ClusterDescription{type=UNKNOWN, connectionMode=SINGLE, serverDescriptions=[ServerDescription{address=mongo.vnbaivip.com:27017, type=UNKNOWN, state=CONNECTING}]}. Waiting for 30000 ms before timing out
09 Sep 2017, 09:32:42,271 Exception in monitor thread while connecting to server mongo.vnbaivip.com:27017
com.mongodb.MongoSocketOpenException: Exception opening socket
	at com.mongodb.connection.SocketStream.open(SocketStream.java:63)
	at com.mongodb.connection.InternalStreamConnection.open(InternalStreamConnection.java:115)
	at com.mongodb.connection.DefaultServerMonitor$ServerMonitorRunnable.run(DefaultServerMonitor.java:113)
	at java.lang.Thread.run(Unknown Source)
Caused by: java.net.SocketTimeoutException: connect timed out
	at java.net.DualStackPlainSocketImpl.waitForConnect(Native Method)
	at java.net.DualStackPlainSocketImpl.socketConnect(Unknown Source)
	at java.net.AbstractPlainSocketImpl.doConnect(Unknown Source)
	at java.net.AbstractPlainSocketImpl.connectToAddress(Unknown Source)
	at java.net.AbstractPlainSocketImpl.connect(Unknown Source)
	at java.net.PlainSocketImpl.connect(Unknown Source)
	at java.net.SocksSocketImpl.connect(Unknown Source)
	at java.net.Socket.connect(Unknown Source)
	at com.mongodb.connection.SocketStreamHelper.initialize(SocketStreamHelper.java:57)
	at com.mongodb.connection.SocketStream.open(SocketStream.java:58)
	... 3 more
09 Sep 2017, 10:50:04,463 Cluster created with settings {hosts=[mongo.vnbaivip.com:27017], mode=SINGLE, requiredClusterType=UNKNOWN, serverSelectionTimeout='30000 ms', maxWaitQueueSize=500}
09 Sep 2017, 10:50:04,592 Cluster created with settings {hosts=[127.0.0.1:27017], mode=SINGLE, requiredClusterType=UNKNOWN, serverSelectionTimeout='30000 ms', maxWaitQueueSize=500}
09 Sep 2017, 10:50:04,711 No server chosen by ReadPreferenceServerSelector{readPreference=primary} from cluster description ClusterDescription{type=UNKNOWN, connectionMode=SINGLE, serverDescriptions=[ServerDescription{address=127.0.0.1:27017, type=UNKNOWN, state=CONNECTING}]}. Waiting for 30000 ms before timing out
09 Sep 2017, 10:50:05,677 Exception in monitor thread while connecting to server 127.0.0.1:27017
com.mongodb.MongoSocketOpenException: Exception opening socket
	at com.mongodb.connection.SocketStream.open(SocketStream.java:63)
	at com.mongodb.connection.InternalStreamConnection.open(InternalStreamConnection.java:115)
	at com.mongodb.connection.DefaultServerMonitor$ServerMonitorRunnable.run(DefaultServerMonitor.java:113)
	at java.lang.Thread.run(Unknown Source)
Caused by: java.net.ConnectException: Connection refused: connect
	at java.net.DualStackPlainSocketImpl.waitForConnect(Native Method)
	at java.net.DualStackPlainSocketImpl.socketConnect(Unknown Source)
	at java.net.AbstractPlainSocketImpl.doConnect(Unknown Source)
	at java.net.AbstractPlainSocketImpl.connectToAddress(Unknown Source)
	at java.net.AbstractPlainSocketImpl.connect(Unknown Source)
	at java.net.PlainSocketImpl.connect(Unknown Source)
	at java.net.SocksSocketImpl.connect(Unknown Source)
	at java.net.Socket.connect(Unknown Source)
	at com.mongodb.connection.SocketStreamHelper.initialize(SocketStreamHelper.java:57)
	at com.mongodb.connection.SocketStream.open(SocketStream.java:58)
	... 3 more
09 Sep 2017, 10:50:24,600 Exception in monitor thread while connecting to server mongo.vnbaivip.com:27017
com.mongodb.MongoSocketOpenException: Exception opening socket
	at com.mongodb.connection.SocketStream.open(SocketStream.java:63)
	at com.mongodb.connection.InternalStreamConnection.open(InternalStreamConnection.java:115)
	at com.mongodb.connection.DefaultServerMonitor$ServerMonitorRunnable.run(DefaultServerMonitor.java:113)
	at java.lang.Thread.run(Unknown Source)
Caused by: java.net.SocketTimeoutException: connect timed out
	at java.net.DualStackPlainSocketImpl.waitForConnect(Native Method)
	at java.net.DualStackPlainSocketImpl.socketConnect(Unknown Source)
	at java.net.AbstractPlainSocketImpl.doConnect(Unknown Source)
	at java.net.AbstractPlainSocketImpl.connectToAddress(Unknown Source)
	at java.net.AbstractPlainSocketImpl.connect(Unknown Source)
	at java.net.PlainSocketImpl.connect(Unknown Source)
	at java.net.SocksSocketImpl.connect(Unknown Source)
	at java.net.Socket.connect(Unknown Source)
	at com.mongodb.connection.SocketStreamHelper.initialize(SocketStreamHelper.java:57)
	at com.mongodb.connection.SocketStream.open(SocketStream.java:58)
	... 3 more
09 Sep 2017, 10:52:31,343 Cluster created with settings {hosts=[mongo.vnbaivip.com:27017], mode=SINGLE, requiredClusterType=UNKNOWN, serverSelectionTimeout='30000 ms', maxWaitQueueSize=500}
09 Sep 2017, 10:52:31,478 Cluster created with settings {hosts=[127.0.0.1:27017], mode=SINGLE, requiredClusterType=UNKNOWN, serverSelectionTimeout='30000 ms', maxWaitQueueSize=500}
09 Sep 2017, 10:52:31,509 No server chosen by ReadPreferenceServerSelector{readPreference=primary} from cluster description ClusterDescription{type=UNKNOWN, connectionMode=SINGLE, serverDescriptions=[ServerDescription{address=127.0.0.1:27017, type=UNKNOWN, state=CONNECTING}]}. Waiting for 30000 ms before timing out
09 Sep 2017, 10:52:32,489 Exception in monitor thread while connecting to server 127.0.0.1:27017
com.mongodb.MongoSocketOpenException: Exception opening socket
	at com.mongodb.connection.SocketStream.open(SocketStream.java:63)
	at com.mongodb.connection.InternalStreamConnection.open(InternalStreamConnection.java:115)
	at com.mongodb.connection.DefaultServerMonitor$ServerMonitorRunnable.run(DefaultServerMonitor.java:113)
	at java.lang.Thread.run(Unknown Source)
Caused by: java.net.ConnectException: Connection refused: connect
	at java.net.DualStackPlainSocketImpl.waitForConnect(Native Method)
	at java.net.DualStackPlainSocketImpl.socketConnect(Unknown Source)
	at java.net.AbstractPlainSocketImpl.doConnect(Unknown Source)
	at java.net.AbstractPlainSocketImpl.connectToAddress(Unknown Source)
	at java.net.AbstractPlainSocketImpl.connect(Unknown Source)
	at java.net.PlainSocketImpl.connect(Unknown Source)
	at java.net.SocksSocketImpl.connect(Unknown Source)
	at java.net.Socket.connect(Unknown Source)
	at com.mongodb.connection.SocketStreamHelper.initialize(SocketStreamHelper.java:57)
	at com.mongodb.connection.SocketStream.open(SocketStream.java:58)
	... 3 more
09 Sep 2017, 10:52:51,485 Exception in monitor thread while connecting to server mongo.vnbaivip.com:27017
com.mongodb.MongoSocketOpenException: Exception opening socket
	at com.mongodb.connection.SocketStream.open(SocketStream.java:63)
	at com.mongodb.connection.InternalStreamConnection.open(InternalStreamConnection.java:115)
	at com.mongodb.connection.DefaultServerMonitor$ServerMonitorRunnable.run(DefaultServerMonitor.java:113)
	at java.lang.Thread.run(Unknown Source)
Caused by: java.net.SocketTimeoutException: connect timed out
	at java.net.DualStackPlainSocketImpl.waitForConnect(Native Method)
	at java.net.DualStackPlainSocketImpl.socketConnect(Unknown Source)
	at java.net.AbstractPlainSocketImpl.doConnect(Unknown Source)
	at java.net.AbstractPlainSocketImpl.connectToAddress(Unknown Source)
	at java.net.AbstractPlainSocketImpl.connect(Unknown Source)
	at java.net.PlainSocketImpl.connect(Unknown Source)
	at java.net.SocksSocketImpl.connect(Unknown Source)
	at java.net.Socket.connect(Unknown Source)
	at com.mongodb.connection.SocketStreamHelper.initialize(SocketStreamHelper.java:57)
	at com.mongodb.connection.SocketStream.open(SocketStream.java:58)
	... 3 more
09 Sep 2017, 11:03:22,645 Cluster created with settings {hosts=[mongo.vnbaivip.com:27017], mode=SINGLE, requiredClusterType=UNKNOWN, serverSelectionTimeout='30000 ms', maxWaitQueueSize=500}
09 Sep 2017, 11:03:22,813 No server chosen by WritableServerSelector from cluster description ClusterDescription{type=UNKNOWN, connectionMode=SINGLE, serverDescriptions=[ServerDescription{address=mongo.vnbaivip.com:27017, type=UNKNOWN, state=CONNECTING}]}. Waiting for 30000 ms before timing out
09 Sep 2017, 11:03:42,789 Exception in monitor thread while connecting to server mongo.vnbaivip.com:27017
com.mongodb.MongoSocketOpenException: Exception opening socket
	at com.mongodb.connection.SocketStream.open(SocketStream.java:63)
	at com.mongodb.connection.InternalStreamConnection.open(InternalStreamConnection.java:115)
	at com.mongodb.connection.DefaultServerMonitor$ServerMonitorRunnable.run(DefaultServerMonitor.java:113)
	at java.lang.Thread.run(Unknown Source)
Caused by: java.net.SocketTimeoutException: connect timed out
	at java.net.DualStackPlainSocketImpl.waitForConnect(Native Method)
	at java.net.DualStackPlainSocketImpl.socketConnect(Unknown Source)
	at java.net.AbstractPlainSocketImpl.doConnect(Unknown Source)
	at java.net.AbstractPlainSocketImpl.connectToAddress(Unknown Source)
	at java.net.AbstractPlainSocketImpl.connect(Unknown Source)
	at java.net.PlainSocketImpl.connect(Unknown Source)
	at java.net.SocksSocketImpl.connect(Unknown Source)
	at java.net.Socket.connect(Unknown Source)
	at com.mongodb.connection.SocketStreamHelper.initialize(SocketStreamHelper.java:57)
	at com.mongodb.connection.SocketStream.open(SocketStream.java:58)
	... 3 more
13 Sep 2017, 20:32:21,489 Cluster created with settings {hosts=[mongo.vnbaivip.com:27017], mode=SINGLE, requiredClusterType=UNKNOWN, serverSelectionTimeout='30000 ms', maxWaitQueueSize=500}
13 Sep 2017, 20:32:21,843 No server chosen by WritableServerSelector from cluster description ClusterDescription{type=UNKNOWN, connectionMode=SINGLE, serverDescriptions=[ServerDescription{address=mongo.vnbaivip.com:27017, type=UNKNOWN, state=CONNECTING}]}. Waiting for 30000 ms before timing out
13 Sep 2017, 20:32:22,244 Opened connection [connectionId{localValue:1, serverValue:22190}] to mongo.vnbaivip.com:27017
13 Sep 2017, 20:32:22,323 Monitor thread successfully connected to server with description ServerDescription{address=mongo.vnbaivip.com:27017, type=REPLICA_SET_PRIMARY, state=CONNECTED, ok=true, version=ServerVersion{versionList=[3, 4, 6]}, minWireVersion=0, maxWireVersion=5, maxDocumentSize=16777216, roundTripTimeNanos=27580334, setName='myreplica01', canonicalAddress=gal1:27017, hosts=[gal2:27017, gal1:27017], passives=[], arbiters=[], primary='gal1:27017', tagSet=TagSet{[]}, electionId=7fffffff0000000000000010, setVersion=2, lastWriteDate=Wed Sep 13 20:32:37 ICT 2017, lastUpdateTimeNanos=3953138422333}
13 Sep 2017, 20:32:22,591 Opened connection [connectionId{localValue:2, serverValue:22191}] to mongo.vnbaivip.com:27017
13 Sep 2017, 20:33:28,127 Cluster created with settings {hosts=[mongo.vnbaivip.com:27017], mode=SINGLE, requiredClusterType=UNKNOWN, serverSelectionTimeout='30000 ms', maxWaitQueueSize=500}
13 Sep 2017, 20:33:28,296 No server chosen by WritableServerSelector from cluster description ClusterDescription{type=UNKNOWN, connectionMode=SINGLE, serverDescriptions=[ServerDescription{address=mongo.vnbaivip.com:27017, type=UNKNOWN, state=CONNECTING}]}. Waiting for 30000 ms before timing out
13 Sep 2017, 20:33:28,693 Opened connection [connectionId{localValue:1, serverValue:22202}] to mongo.vnbaivip.com:27017
13 Sep 2017, 20:33:28,729 Monitor thread successfully connected to server with description ServerDescription{address=mongo.vnbaivip.com:27017, type=REPLICA_SET_PRIMARY, state=CONNECTED, ok=true, version=ServerVersion{versionList=[3, 4, 6]}, minWireVersion=0, maxWireVersion=5, maxDocumentSize=16777216, roundTripTimeNanos=23285896, setName='myreplica01', canonicalAddress=gal1:27017, hosts=[gal2:27017, gal1:27017], passives=[], arbiters=[], primary='gal1:27017', tagSet=TagSet{[]}, electionId=7fffffff0000000000000010, setVersion=2, lastWriteDate=Wed Sep 13 20:33:37 ICT 2017, lastUpdateTimeNanos=4019577432967}
13 Sep 2017, 20:33:28,964 Opened connection [connectionId{localValue:2, serverValue:22203}] to mongo.vnbaivip.com:27017
13 Sep 2017, 20:36:19,022 Cluster created with settings {hosts=[mongo.vnbaivip.com:27017], mode=SINGLE, requiredClusterType=UNKNOWN, serverSelectionTimeout='30000 ms', maxWaitQueueSize=500}
13 Sep 2017, 20:36:19,154 Cluster created with settings {hosts=[127.0.0.1:27017], mode=SINGLE, requiredClusterType=UNKNOWN, serverSelectionTimeout='30000 ms', maxWaitQueueSize=500}
13 Sep 2017, 20:36:19,349 No server chosen by ReadPreferenceServerSelector{readPreference=primary} from cluster description ClusterDescription{type=UNKNOWN, connectionMode=SINGLE, serverDescriptions=[ServerDescription{address=127.0.0.1:27017, type=UNKNOWN, state=CONNECTING}]}. Waiting for 30000 ms before timing out
13 Sep 2017, 20:36:19,581 Opened connection [connectionId{localValue:1, serverValue:22215}] to mongo.vnbaivip.com:27017
13 Sep 2017, 20:36:19,612 Monitor thread successfully connected to server with description ServerDescription{address=mongo.vnbaivip.com:27017, type=REPLICA_SET_PRIMARY, state=CONNECTED, ok=true, version=ServerVersion{versionList=[3, 4, 6]}, minWireVersion=0, maxWireVersion=5, maxDocumentSize=16777216, roundTripTimeNanos=25810912, setName='myreplica01', canonicalAddress=gal1:27017, hosts=[gal2:27017, gal1:27017], passives=[], arbiters=[], primary='gal1:27017', tagSet=TagSet{[]}, electionId=7fffffff0000000000000010, setVersion=2, lastWriteDate=Wed Sep 13 20:36:27 ICT 2017, lastUpdateTimeNanos=4190460658088}
13 Sep 2017, 20:36:20,187 Exception in monitor thread while connecting to server 127.0.0.1:27017
com.mongodb.MongoSocketOpenException: Exception opening socket
	at com.mongodb.connection.SocketStream.open(SocketStream.java:63)
	at com.mongodb.connection.InternalStreamConnection.open(InternalStreamConnection.java:115)
	at com.mongodb.connection.DefaultServerMonitor$ServerMonitorRunnable.run(DefaultServerMonitor.java:113)
	at java.lang.Thread.run(Unknown Source)
Caused by: java.net.ConnectException: Connection refused: connect
	at java.net.DualStackPlainSocketImpl.waitForConnect(Native Method)
	at java.net.DualStackPlainSocketImpl.socketConnect(Unknown Source)
	at java.net.AbstractPlainSocketImpl.doConnect(Unknown Source)
	at java.net.AbstractPlainSocketImpl.connectToAddress(Unknown Source)
	at java.net.AbstractPlainSocketImpl.connect(Unknown Source)
	at java.net.PlainSocketImpl.connect(Unknown Source)
	at java.net.SocksSocketImpl.connect(Unknown Source)
	at java.net.Socket.connect(Unknown Source)
	at com.mongodb.connection.SocketStreamHelper.initialize(SocketStreamHelper.java:57)
	at com.mongodb.connection.SocketStream.open(SocketStream.java:58)
	... 3 more
13 Sep 2017, 20:41:37,826 Cluster created with settings {hosts=[mongo.vnbaivip.com:27017], mode=SINGLE, requiredClusterType=UNKNOWN, serverSelectionTimeout='30000 ms', maxWaitQueueSize=500}
13 Sep 2017, 20:41:38,303 Opened connection [connectionId{localValue:1, serverValue:22231}] to mongo.vnbaivip.com:27017
13 Sep 2017, 20:41:38,348 Monitor thread successfully connected to server with description ServerDescription{address=mongo.vnbaivip.com:27017, type=REPLICA_SET_PRIMARY, state=CONNECTED, ok=true, version=ServerVersion{versionList=[3, 4, 6]}, minWireVersion=0, maxWireVersion=5, maxDocumentSize=16777216, roundTripTimeNanos=25088413, setName='myreplica01', canonicalAddress=gal1:27017, hosts=[gal2:27017, gal1:27017], passives=[], arbiters=[], primary='gal1:27017', tagSet=TagSet{[]}, electionId=7fffffff0000000000000010, setVersion=2, lastWriteDate=Wed Sep 13 20:41:47 ICT 2017, lastUpdateTimeNanos=4509196514014}
13 Sep 2017, 20:41:38,672 Opened connection [connectionId{localValue:2, serverValue:22232}] to mongo.vnbaivip.com:27017
13 Sep 2017, 20:45:33,781 Cluster created with settings {hosts=[mongo.vnbaivip.com:27017], mode=SINGLE, requiredClusterType=UNKNOWN, serverSelectionTimeout='30000 ms', maxWaitQueueSize=500}
13 Sep 2017, 20:45:34,255 Opened connection [connectionId{localValue:1, serverValue:22241}] to mongo.vnbaivip.com:27017
13 Sep 2017, 20:45:34,283 Monitor thread successfully connected to server with description ServerDescription{address=mongo.vnbaivip.com:27017, type=REPLICA_SET_PRIMARY, state=CONNECTED, ok=true, version=ServerVersion{versionList=[3, 4, 6]}, minWireVersion=0, maxWireVersion=5, maxDocumentSize=16777216, roundTripTimeNanos=21509948, setName='myreplica01', canonicalAddress=gal1:27017, hosts=[gal2:27017, gal1:27017], passives=[], arbiters=[], primary='gal1:27017', tagSet=TagSet{[]}, electionId=7fffffff0000000000000010, setVersion=2, lastWriteDate=Wed Sep 13 20:45:47 ICT 2017, lastUpdateTimeNanos=4745129810150}
13 Sep 2017, 20:45:34,501 Opened connection [connectionId{localValue:2, serverValue:22242}] to mongo.vnbaivip.com:27017
13 Sep 2017, 20:47:13,356 Cluster created with settings {hosts=[mongo.vnbaivip.com:27017], mode=SINGLE, requiredClusterType=UNKNOWN, serverSelectionTimeout='30000 ms', maxWaitQueueSize=500}
13 Sep 2017, 20:47:13,994 Opened connection [connectionId{localValue:1, serverValue:22250}] to mongo.vnbaivip.com:27017
13 Sep 2017, 20:47:14,029 Monitor thread successfully connected to server with description ServerDescription{address=mongo.vnbaivip.com:27017, type=REPLICA_SET_PRIMARY, state=CONNECTED, ok=true, version=ServerVersion{versionList=[3, 4, 6]}, minWireVersion=0, maxWireVersion=5, maxDocumentSize=16777216, roundTripTimeNanos=28100067, setName='myreplica01', canonicalAddress=gal1:27017, hosts=[gal2:27017, gal1:27017], passives=[], arbiters=[], primary='gal1:27017', tagSet=TagSet{[]}, electionId=7fffffff0000000000000010, setVersion=2, lastWriteDate=Wed Sep 13 20:47:27 ICT 2017, lastUpdateTimeNanos=4844875255263}
13 Sep 2017, 20:47:14,248 Opened connection [connectionId{localValue:2, serverValue:22251}] to mongo.vnbaivip.com:27017
13 Sep 2017, 23:16:26,306 Cluster created with settings {hosts=[mongo.vnbaivip.com:27017], mode=SINGLE, requiredClusterType=UNKNOWN, serverSelectionTimeout='30000 ms', maxWaitQueueSize=500}
13 Sep 2017, 23:16:26,830 Opened connection [connectionId{localValue:1, serverValue:22639}] to mongo.vnbaivip.com:27017
13 Sep 2017, 23:16:26,860 Monitor thread successfully connected to server with description ServerDescription{address=mongo.vnbaivip.com:27017, type=REPLICA_SET_PRIMARY, state=CONNECTED, ok=true, version=ServerVersion{versionList=[3, 4, 6]}, minWireVersion=0, maxWireVersion=5, maxDocumentSize=16777216, roundTripTimeNanos=25218463, setName='myreplica01', canonicalAddress=gal1:27017, hosts=[gal2:27017, gal1:27017], passives=[], arbiters=[], primary='gal1:27017', tagSet=TagSet{[]}, electionId=7fffffff0000000000000010, setVersion=2, lastWriteDate=Wed Sep 13 23:16:37 ICT 2017, lastUpdateTimeNanos=13797707975871}
13 Sep 2017, 23:16:27,197 Opened connection [connectionId{localValue:2, serverValue:22640}] to mongo.vnbaivip.com:27017
13 Sep 2017, 23:16:56,674 Cluster created with settings {hosts=[mongo.vnbaivip.com:27017], mode=SINGLE, requiredClusterType=UNKNOWN, serverSelectionTimeout='30000 ms', maxWaitQueueSize=500}
13 Sep 2017, 23:16:57,126 Opened connection [connectionId{localValue:1, serverValue:22642}] to mongo.vnbaivip.com:27017
13 Sep 2017, 23:16:57,151 No server chosen by ReadPreferenceServerSelector{readPreference=primary} from cluster description ClusterDescription{type=UNKNOWN, connectionMode=SINGLE, serverDescriptions=[ServerDescription{address=mongo.vnbaivip.com:27017, type=UNKNOWN, state=CONNECTING}]}. Waiting for 30000 ms before timing out
13 Sep 2017, 23:16:57,156 Monitor thread successfully connected to server with description ServerDescription{address=mongo.vnbaivip.com:27017, type=REPLICA_SET_PRIMARY, state=CONNECTED, ok=true, version=ServerVersion{versionList=[3, 4, 6]}, minWireVersion=0, maxWireVersion=5, maxDocumentSize=16777216, roundTripTimeNanos=25393260, setName='myreplica01', canonicalAddress=gal1:27017, hosts=[gal2:27017, gal1:27017], passives=[], arbiters=[], primary='gal1:27017', tagSet=TagSet{[]}, electionId=7fffffff0000000000000010, setVersion=2, lastWriteDate=Wed Sep 13 23:17:07 ICT 2017, lastUpdateTimeNanos=13828004368552}
13 Sep 2017, 23:16:57,370 Opened connection [connectionId{localValue:2, serverValue:22643}] to mongo.vnbaivip.com:27017
13 Sep 2017, 23:18:00,783 Cluster created with settings {hosts=[mongo.vnbaivip.com:27017], mode=SINGLE, requiredClusterType=UNKNOWN, serverSelectionTimeout='30000 ms', maxWaitQueueSize=500}
13 Sep 2017, 23:18:01,262 Opened connection [connectionId{localValue:1, serverValue:22646}] to mongo.vnbaivip.com:27017
13 Sep 2017, 23:18:01,287 No server chosen by ReadPreferenceServerSelector{readPreference=primary} from cluster description ClusterDescription{type=UNKNOWN, connectionMode=SINGLE, serverDescriptions=[ServerDescription{address=mongo.vnbaivip.com:27017, type=UNKNOWN, state=CONNECTING}]}. Waiting for 30000 ms before timing out
13 Sep 2017, 23:18:01,292 Monitor thread successfully connected to server with description ServerDescription{address=mongo.vnbaivip.com:27017, type=REPLICA_SET_PRIMARY, state=CONNECTED, ok=true, version=ServerVersion{versionList=[3, 4, 6]}, minWireVersion=0, maxWireVersion=5, maxDocumentSize=16777216, roundTripTimeNanos=25518649, setName='myreplica01', canonicalAddress=gal1:27017, hosts=[gal2:27017, gal1:27017], passives=[], arbiters=[], primary='gal1:27017', tagSet=TagSet{[]}, electionId=7fffffff0000000000000010, setVersion=2, lastWriteDate=Wed Sep 13 23:18:17 ICT 2017, lastUpdateTimeNanos=13892140382402}
13 Sep 2017, 23:18:01,506 Opened connection [connectionId{localValue:2, serverValue:22647}] to mongo.vnbaivip.com:27017
18 Sep 2017, 16:13:15,352 Cluster created with settings {hosts=[mongo.vnbaivip.com:27017], mode=SINGLE, requiredClusterType=UNKNOWN, serverSelectionTimeout='30000 ms', maxWaitQueueSize=500}
18 Sep 2017, 16:13:15,772 No server chosen by ReadPreferenceServerSelector{readPreference=primary} from cluster description ClusterDescription{type=UNKNOWN, connectionMode=SINGLE, serverDescriptions=[ServerDescription{address=mongo.vnbaivip.com:27017, type=UNKNOWN, state=CONNECTING}]}. Waiting for 30000 ms before timing out
18 Sep 2017, 16:13:15,798 Opened connection [connectionId{localValue:1, serverValue:37296}] to mongo.vnbaivip.com:27017
18 Sep 2017, 16:13:15,834 Monitor thread successfully connected to server with description ServerDescription{address=mongo.vnbaivip.com:27017, type=REPLICA_SET_PRIMARY, state=CONNECTED, ok=true, version=ServerVersion{versionList=[3, 4, 6]}, minWireVersion=0, maxWireVersion=5, maxDocumentSize=16777216, roundTripTimeNanos=26747340, setName='myreplica01', canonicalAddress=gal1:27017, hosts=[gal2:27017, gal1:27017], passives=[], arbiters=[], primary='gal1:27017', tagSet=TagSet{[]}, electionId=7fffffff0000000000000010, setVersion=2, lastWriteDate=Mon Sep 18 16:14:18 ICT 2017, lastUpdateTimeNanos=330032272910771}
18 Sep 2017, 16:13:16,061 Opened connection [connectionId{localValue:2, serverValue:37297}] to mongo.vnbaivip.com:27017
18 Sep 2017, 16:16:09,678 Cluster created with settings {hosts=[mongo.vnbaivip.com:27017], mode=SINGLE, requiredClusterType=UNKNOWN, serverSelectionTimeout='30000 ms', maxWaitQueueSize=500}
18 Sep 2017, 16:16:09,852 No server chosen by ReadPreferenceServerSelector{readPreference=primary} from cluster description ClusterDescription{type=UNKNOWN, connectionMode=SINGLE, serverDescriptions=[ServerDescription{address=mongo.vnbaivip.com:27017, type=UNKNOWN, state=CONNECTING}]}. Waiting for 30000 ms before timing out
18 Sep 2017, 16:16:10,005 Opened connection [connectionId{localValue:1, serverValue:37304}] to mongo.vnbaivip.com:27017
18 Sep 2017, 16:16:10,042 Monitor thread successfully connected to server with description ServerDescription{address=mongo.vnbaivip.com:27017, type=REPLICA_SET_PRIMARY, state=CONNECTED, ok=true, version=ServerVersion{versionList=[3, 4, 6]}, minWireVersion=0, maxWireVersion=5, maxDocumentSize=16777216, roundTripTimeNanos=27435852, setName='myreplica01', canonicalAddress=gal1:27017, hosts=[gal2:27017, gal1:27017], passives=[], arbiters=[], primary='gal1:27017', tagSet=TagSet{[]}, electionId=7fffffff0000000000000010, setVersion=2, lastWriteDate=Mon Sep 18 16:17:18 ICT 2017, lastUpdateTimeNanos=330206480489486}
18 Sep 2017, 16:16:10,263 Opened connection [connectionId{localValue:2, serverValue:37305}] to mongo.vnbaivip.com:27017
18 Sep 2017, 16:18:43,564 Cluster created with settings {hosts=[mongo.vnbaivip.com:27017], mode=SINGLE, requiredClusterType=UNKNOWN, serverSelectionTimeout='30000 ms', maxWaitQueueSize=500}
18 Sep 2017, 16:18:43,765 No server chosen by ReadPreferenceServerSelector{readPreference=primary} from cluster description ClusterDescription{type=UNKNOWN, connectionMode=SINGLE, serverDescriptions=[ServerDescription{address=mongo.vnbaivip.com:27017, type=UNKNOWN, state=CONNECTING}]}. Waiting for 30000 ms before timing out
18 Sep 2017, 16:18:43,876 Opened connection [connectionId{localValue:1, serverValue:37312}] to mongo.vnbaivip.com:27017
18 Sep 2017, 16:18:43,907 Monitor thread successfully connected to server with description ServerDescription{address=mongo.vnbaivip.com:27017, type=REPLICA_SET_PRIMARY, state=CONNECTED, ok=true, version=ServerVersion{versionList=[3, 4, 6]}, minWireVersion=0, maxWireVersion=5, maxDocumentSize=16777216, roundTripTimeNanos=24087393, setName='myreplica01', canonicalAddress=gal1:27017, hosts=[gal2:27017, gal1:27017], passives=[], arbiters=[], primary='gal1:27017', tagSet=TagSet{[]}, electionId=7fffffff0000000000000010, setVersion=2, lastWriteDate=Mon Sep 18 16:19:48 ICT 2017, lastUpdateTimeNanos=330360347481335}
18 Sep 2017, 16:18:44,135 Opened connection [connectionId{localValue:2, serverValue:37313}] to mongo.vnbaivip.com:27017
18 Sep 2017, 16:23:03,762 Cluster created with settings {hosts=[mongo.vnbaivip.com:27017], mode=SINGLE, requiredClusterType=UNKNOWN, serverSelectionTimeout='30000 ms', maxWaitQueueSize=500}
18 Sep 2017, 16:23:03,963 No server chosen by ReadPreferenceServerSelector{readPreference=primary} from cluster description ClusterDescription{type=UNKNOWN, connectionMode=SINGLE, serverDescriptions=[ServerDescription{address=mongo.vnbaivip.com:27017, type=UNKNOWN, state=CONNECTING}]}. Waiting for 30000 ms before timing out
18 Sep 2017, 16:23:04,060 Opened connection [connectionId{localValue:1, serverValue:37324}] to mongo.vnbaivip.com:27017
18 Sep 2017, 16:23:04,087 Monitor thread successfully connected to server with description ServerDescription{address=mongo.vnbaivip.com:27017, type=REPLICA_SET_PRIMARY, state=CONNECTED, ok=true, version=ServerVersion{versionList=[3, 4, 6]}, minWireVersion=0, maxWireVersion=5, maxDocumentSize=16777216, roundTripTimeNanos=23136452, setName='myreplica01', canonicalAddress=gal1:27017, hosts=[gal2:27017, gal1:27017], passives=[], arbiters=[], primary='gal1:27017', tagSet=TagSet{[]}, electionId=7fffffff0000000000000010, setVersion=2, lastWriteDate=Mon Sep 18 16:24:11 ICT 2017, lastUpdateTimeNanos=330620530774520}
18 Sep 2017, 16:23:04,295 Opened connection [connectionId{localValue:2, serverValue:37325}] to mongo.vnbaivip.com:27017
18 Sep 2017, 16:24:39,708 Cluster created with settings {hosts=[mongo.vnbaivip.com:27017], mode=SINGLE, requiredClusterType=UNKNOWN, serverSelectionTimeout='30000 ms', maxWaitQueueSize=500}
18 Sep 2017, 16:24:39,874 No server chosen by ReadPreferenceServerSelector{readPreference=primary} from cluster description ClusterDescription{type=UNKNOWN, connectionMode=SINGLE, serverDescriptions=[ServerDescription{address=mongo.vnbaivip.com:27017, type=UNKNOWN, state=CONNECTING}]}. Waiting for 30000 ms before timing out
18 Sep 2017, 16:24:40,008 Opened connection [connectionId{localValue:1, serverValue:37330}] to mongo.vnbaivip.com:27017
18 Sep 2017, 16:24:40,041 Monitor thread successfully connected to server with description ServerDescription{address=mongo.vnbaivip.com:27017, type=REPLICA_SET_PRIMARY, state=CONNECTED, ok=true, version=ServerVersion{versionList=[3, 4, 6]}, minWireVersion=0, maxWireVersion=5, maxDocumentSize=16777216, roundTripTimeNanos=23695210, setName='myreplica01', canonicalAddress=gal1:27017, hosts=[gal2:27017, gal1:27017], passives=[], arbiters=[], primary='gal1:27017', tagSet=TagSet{[]}, electionId=7fffffff0000000000000010, setVersion=2, lastWriteDate=Mon Sep 18 16:25:46 ICT 2017, lastUpdateTimeNanos=330716478989138}
18 Sep 2017, 16:24:40,250 Opened connection [connectionId{localValue:2, serverValue:37331}] to mongo.vnbaivip.com:27017
18 Sep 2017, 16:25:05,896 Cluster created with settings {hosts=[mongo.vnbaivip.com:27017], mode=SINGLE, requiredClusterType=UNKNOWN, serverSelectionTimeout='30000 ms', maxWaitQueueSize=500}
18 Sep 2017, 16:25:06,102 No server chosen by ReadPreferenceServerSelector{readPreference=primary} from cluster description ClusterDescription{type=UNKNOWN, connectionMode=SINGLE, serverDescriptions=[ServerDescription{address=mongo.vnbaivip.com:27017, type=UNKNOWN, state=CONNECTING}]}. Waiting for 30000 ms before timing out
18 Sep 2017, 16:25:06,216 Opened connection [connectionId{localValue:1, serverValue:37333}] to mongo.vnbaivip.com:27017
18 Sep 2017, 16:25:06,243 Monitor thread successfully connected to server with description ServerDescription{address=mongo.vnbaivip.com:27017, type=REPLICA_SET_PRIMARY, state=CONNECTED, ok=true, version=ServerVersion{versionList=[3, 4, 6]}, minWireVersion=0, maxWireVersion=5, maxDocumentSize=16777216, roundTripTimeNanos=24830262, setName='myreplica01', canonicalAddress=gal1:27017, hosts=[gal2:27017, gal1:27017], passives=[], arbiters=[], primary='gal1:27017', tagSet=TagSet{[]}, electionId=7fffffff0000000000000010, setVersion=2, lastWriteDate=Mon Sep 18 16:26:16 ICT 2017, lastUpdateTimeNanos=330742687798173}
18 Sep 2017, 16:25:06,456 Opened connection [connectionId{localValue:2, serverValue:37334}] to mongo.vnbaivip.com:27017
18 Sep 2017, 16:25:45,550 Cluster created with settings {hosts=[mongo.vnbaivip.com:27017], mode=SINGLE, requiredClusterType=UNKNOWN, serverSelectionTimeout='30000 ms', maxWaitQueueSize=500}
18 Sep 2017, 16:25:45,738 No server chosen by ReadPreferenceServerSelector{readPreference=primary} from cluster description ClusterDescription{type=UNKNOWN, connectionMode=SINGLE, serverDescriptions=[ServerDescription{address=mongo.vnbaivip.com:27017, type=UNKNOWN, state=CONNECTING}]}. Waiting for 30000 ms before timing out
18 Sep 2017, 16:25:45,850 Opened connection [connectionId{localValue:1, serverValue:37336}] to mongo.vnbaivip.com:27017
18 Sep 2017, 16:25:45,877 Monitor thread successfully connected to server with description ServerDescription{address=mongo.vnbaivip.com:27017, type=REPLICA_SET_PRIMARY, state=CONNECTED, ok=true, version=ServerVersion{versionList=[3, 4, 6]}, minWireVersion=0, maxWireVersion=5, maxDocumentSize=16777216, roundTripTimeNanos=24597347, setName='myreplica01', canonicalAddress=gal1:27017, hosts=[gal2:27017, gal1:27017], passives=[], arbiters=[], primary='gal1:27017', tagSet=TagSet{[]}, electionId=7fffffff0000000000000010, setVersion=2, lastWriteDate=Mon Sep 18 16:26:48 ICT 2017, lastUpdateTimeNanos=330782321798325}
18 Sep 2017, 16:25:46,078 Opened connection [connectionId{localValue:2, serverValue:37337}] to mongo.vnbaivip.com:27017
18 Sep 2017, 16:26:00,681 Cluster created with settings {hosts=[mongo.vnbaivip.com:27017], mode=SINGLE, requiredClusterType=UNKNOWN, serverSelectionTimeout='30000 ms', maxWaitQueueSize=500}
18 Sep 2017, 16:26:00,904 No server chosen by ReadPreferenceServerSelector{readPreference=primary} from cluster description ClusterDescription{type=UNKNOWN, connectionMode=SINGLE, serverDescriptions=[ServerDescription{address=mongo.vnbaivip.com:27017, type=UNKNOWN, state=CONNECTING}]}. Waiting for 30000 ms before timing out
18 Sep 2017, 16:26:00,997 Opened connection [connectionId{localValue:1, serverValue:37339}] to mongo.vnbaivip.com:27017
18 Sep 2017, 16:26:01,027 Monitor thread successfully connected to server with description ServerDescription{address=mongo.vnbaivip.com:27017, type=REPLICA_SET_PRIMARY, state=CONNECTED, ok=true, version=ServerVersion{versionList=[3, 4, 6]}, minWireVersion=0, maxWireVersion=5, maxDocumentSize=16777216, roundTripTimeNanos=25244070, setName='myreplica01', canonicalAddress=gal1:27017, hosts=[gal2:27017, gal1:27017], passives=[], arbiters=[], primary='gal1:27017', tagSet=TagSet{[]}, electionId=7fffffff0000000000000010, setVersion=2, lastWriteDate=Mon Sep 18 16:27:08 ICT 2017, lastUpdateTimeNanos=330797469744201}
18 Sep 2017, 16:26:01,259 Opened connection [connectionId{localValue:2, serverValue:37340}] to mongo.vnbaivip.com:27017
18 Sep 2017, 16:31:20,932 Cluster created with settings {hosts=[mongo.vnbaivip.com:27017], mode=SINGLE, requiredClusterType=UNKNOWN, serverSelectionTimeout='30000 ms', maxWaitQueueSize=500}
18 Sep 2017, 16:31:21,147 No server chosen by ReadPreferenceServerSelector{readPreference=primary} from cluster description ClusterDescription{type=UNKNOWN, connectionMode=SINGLE, serverDescriptions=[ServerDescription{address=mongo.vnbaivip.com:27017, type=UNKNOWN, state=CONNECTING}]}. Waiting for 30000 ms before timing out
18 Sep 2017, 16:31:21,235 Opened connection [connectionId{localValue:1, serverValue:37353}] to mongo.vnbaivip.com:27017
18 Sep 2017, 16:31:21,260 Monitor thread successfully connected to server with description ServerDescription{address=mongo.vnbaivip.com:27017, type=REPLICA_SET_PRIMARY, state=CONNECTED, ok=true, version=ServerVersion{versionList=[3, 4, 6]}, minWireVersion=0, maxWireVersion=5, maxDocumentSize=16777216, roundTripTimeNanos=22805054, setName='myreplica01', canonicalAddress=gal1:27017, hosts=[gal2:27017, gal1:27017], passives=[], arbiters=[], primary='gal1:27017', tagSet=TagSet{[]}, electionId=7fffffff0000000000000010, setVersion=2, lastWriteDate=Mon Sep 18 16:32:28 ICT 2017, lastUpdateTimeNanos=331117704286512}
18 Sep 2017, 16:31:21,445 Opened connection [connectionId{localValue:2, serverValue:37354}] to mongo.vnbaivip.com:27017
18 Sep 2017, 21:06:01,786 Cluster created with settings {hosts=[mongo.vnbaivip.com:27017], mode=SINGLE, requiredClusterType=UNKNOWN, serverSelectionTimeout='30000 ms', maxWaitQueueSize=500}
18 Sep 2017, 21:06:02,465 Opened connection [connectionId{localValue:1, serverValue:37990}] to mongo.vnbaivip.com:27017
18 Sep 2017, 21:06:02,506 Monitor thread successfully connected to server with description ServerDescription{address=mongo.vnbaivip.com:27017, type=REPLICA_SET_PRIMARY, state=CONNECTED, ok=true, version=ServerVersion{versionList=[3, 4, 6]}, minWireVersion=0, maxWireVersion=5, maxDocumentSize=16777216, roundTripTimeNanos=25186778, setName='myreplica01', canonicalAddress=gal1:27017, hosts=[gal2:27017, gal1:27017], passives=[], arbiters=[], primary='gal1:27017', tagSet=TagSet{[]}, electionId=7fffffff0000000000000010, setVersion=2, lastWriteDate=Mon Sep 18 21:06:18 ICT 2017, lastUpdateTimeNanos=846276944547}
18 Sep 2017, 21:06:02,877 Opened connection [connectionId{localValue:2, serverValue:37991}] to mongo.vnbaivip.com:27017
18 Sep 2017, 21:17:35,495 Cluster created with settings {hosts=[mongo.vnbaivip.com:27017], mode=SINGLE, requiredClusterType=UNKNOWN, serverSelectionTimeout='30000 ms', maxWaitQueueSize=500}
18 Sep 2017, 21:17:35,954 Opened connection [connectionId{localValue:1, serverValue:38026}] to mongo.vnbaivip.com:27017
18 Sep 2017, 21:17:35,983 No server chosen by ReadPreferenceServerSelector{readPreference=primary} from cluster description ClusterDescription{type=UNKNOWN, connectionMode=SINGLE, serverDescriptions=[ServerDescription{address=mongo.vnbaivip.com:27017, type=UNKNOWN, state=CONNECTING}]}. Waiting for 30000 ms before timing out
18 Sep 2017, 21:17:35,984 Monitor thread successfully connected to server with description ServerDescription{address=mongo.vnbaivip.com:27017, type=REPLICA_SET_PRIMARY, state=CONNECTED, ok=true, version=ServerVersion{versionList=[3, 4, 6]}, minWireVersion=0, maxWireVersion=5, maxDocumentSize=16777216, roundTripTimeNanos=26376803, setName='myreplica01', canonicalAddress=gal1:27017, hosts=[gal2:27017, gal1:27017], passives=[], arbiters=[], primary='gal1:27017', tagSet=TagSet{[]}, electionId=7fffffff0000000000000010, setVersion=2, lastWriteDate=Mon Sep 18 21:17:50 ICT 2017, lastUpdateTimeNanos=1539766811850}
18 Sep 2017, 21:17:36,194 Opened connection [connectionId{localValue:2, serverValue:38027}] to mongo.vnbaivip.com:27017
18 Sep 2017, 21:19:16,077 Cluster created with settings {hosts=[mongo.vnbaivip.com:27017], mode=SINGLE, requiredClusterType=UNKNOWN, serverSelectionTimeout='30000 ms', maxWaitQueueSize=500}
18 Sep 2017, 21:19:16,710 Opened connection [connectionId{localValue:1, serverValue:38031}] to mongo.vnbaivip.com:27017
18 Sep 2017, 21:19:16,741 No server chosen by ReadPreferenceServerSelector{readPreference=primary} from cluster description ClusterDescription{type=UNKNOWN, connectionMode=SINGLE, serverDescriptions=[ServerDescription{address=mongo.vnbaivip.com:27017, type=UNKNOWN, state=CONNECTING}]}. Waiting for 30000 ms before timing out
18 Sep 2017, 21:19:16,741 Monitor thread successfully connected to server with description ServerDescription{address=mongo.vnbaivip.com:27017, type=REPLICA_SET_PRIMARY, state=CONNECTED, ok=true, version=ServerVersion{versionList=[3, 4, 6]}, minWireVersion=0, maxWireVersion=5, maxDocumentSize=16777216, roundTripTimeNanos=27460085, setName='myreplica01', canonicalAddress=gal1:27017, hosts=[gal2:27017, gal1:27017], passives=[], arbiters=[], primary='gal1:27017', tagSet=TagSet{[]}, electionId=7fffffff0000000000000010, setVersion=2, lastWriteDate=Mon Sep 18 21:19:28 ICT 2017, lastUpdateTimeNanos=1640523474688}
18 Sep 2017, 21:19:16,970 Opened connection [connectionId{localValue:2, serverValue:38032}] to mongo.vnbaivip.com:27017
18 Sep 2017, 21:20:14,479 Cluster created with settings {hosts=[mongo.vnbaivip.com:27017], mode=SINGLE, requiredClusterType=UNKNOWN, serverSelectionTimeout='30000 ms', maxWaitQueueSize=500}
18 Sep 2017, 21:20:14,919 No server chosen by ReadPreferenceServerSelector{readPreference=primary} from cluster description ClusterDescription{type=UNKNOWN, connectionMode=SINGLE, serverDescriptions=[ServerDescription{address=mongo.vnbaivip.com:27017, type=UNKNOWN, state=CONNECTING}]}. Waiting for 30000 ms before timing out
18 Sep 2017, 21:20:14,938 Opened connection [connectionId{localValue:1, serverValue:38035}] to mongo.vnbaivip.com:27017
18 Sep 2017, 21:20:14,968 Monitor thread successfully connected to server with description ServerDescription{address=mongo.vnbaivip.com:27017, type=REPLICA_SET_PRIMARY, state=CONNECTED, ok=true, version=ServerVersion{versionList=[3, 4, 6]}, minWireVersion=0, maxWireVersion=5, maxDocumentSize=16777216, roundTripTimeNanos=27400421, setName='myreplica01', canonicalAddress=gal1:27017, hosts=[gal2:27017, gal1:27017], passives=[], arbiters=[], primary='gal1:27017', tagSet=TagSet{[]}, electionId=7fffffff0000000000000010, setVersion=2, lastWriteDate=Mon Sep 18 21:20:27 ICT 2017, lastUpdateTimeNanos=1698750752331}
18 Sep 2017, 21:20:15,175 Opened connection [connectionId{localValue:2, serverValue:38036}] to mongo.vnbaivip.com:27017
18 Sep 2017, 21:20:46,409 Cluster created with settings {hosts=[mongo.vnbaivip.com:27017], mode=SINGLE, requiredClusterType=UNKNOWN, serverSelectionTimeout='30000 ms', maxWaitQueueSize=500}
18 Sep 2017, 21:20:46,845 Opened connection [connectionId{localValue:1, serverValue:38038}] to mongo.vnbaivip.com:27017
18 Sep 2017, 21:20:46,860 No server chosen by ReadPreferenceServerSelector{readPreference=primary} from cluster description ClusterDescription{type=UNKNOWN, connectionMode=SINGLE, serverDescriptions=[ServerDescription{address=mongo.vnbaivip.com:27017, type=UNKNOWN, state=CONNECTING}]}. Waiting for 30000 ms before timing out
18 Sep 2017, 21:20:46,874 Monitor thread successfully connected to server with description ServerDescription{address=mongo.vnbaivip.com:27017, type=REPLICA_SET_PRIMARY, state=CONNECTED, ok=true, version=ServerVersion{versionList=[3, 4, 6]}, minWireVersion=0, maxWireVersion=5, maxDocumentSize=16777216, roundTripTimeNanos=23695167, setName='myreplica01', canonicalAddress=gal1:27017, hosts=[gal2:27017, gal1:27017], passives=[], arbiters=[], primary='gal1:27017', tagSet=TagSet{[]}, electionId=7fffffff0000000000000010, setVersion=2, lastWriteDate=Mon Sep 18 21:20:58 ICT 2017, lastUpdateTimeNanos=1730654463738}
18 Sep 2017, 21:20:47,104 Opened connection [connectionId{localValue:2, serverValue:38039}] to mongo.vnbaivip.com:27017
18 Sep 2017, 21:38:50,677 Cluster created with settings {hosts=[mongo.vnbaivip.com:27017], mode=SINGLE, requiredClusterType=UNKNOWN, serverSelectionTimeout='30000 ms', maxWaitQueueSize=500}
18 Sep 2017, 21:38:51,114 No server chosen by ReadPreferenceServerSelector{readPreference=primary} from cluster description ClusterDescription{type=UNKNOWN, connectionMode=SINGLE, serverDescriptions=[ServerDescription{address=mongo.vnbaivip.com:27017, type=UNKNOWN, state=CONNECTING}]}. Waiting for 30000 ms before timing out
18 Sep 2017, 21:38:51,141 Opened connection [connectionId{localValue:1, serverValue:38088}] to mongo.vnbaivip.com:27017
18 Sep 2017, 21:38:51,171 Monitor thread successfully connected to server with description ServerDescription{address=mongo.vnbaivip.com:27017, type=REPLICA_SET_PRIMARY, state=CONNECTED, ok=true, version=ServerVersion{versionList=[3, 4, 6]}, minWireVersion=0, maxWireVersion=5, maxDocumentSize=16777216, roundTripTimeNanos=26118568, setName='myreplica01', canonicalAddress=gal1:27017, hosts=[gal2:27017, gal1:27017], passives=[], arbiters=[], primary='gal1:27017', tagSet=TagSet{[]}, electionId=7fffffff0000000000000010, setVersion=2, lastWriteDate=Mon Sep 18 21:39:08 ICT 2017, lastUpdateTimeNanos=2814953579679}
18 Sep 2017, 21:38:51,371 Opened connection [connectionId{localValue:2, serverValue:38089}] to mongo.vnbaivip.com:27017
18 Sep 2017, 21:39:22,311 Cluster created with settings {hosts=[mongo.vnbaivip.com:27017], mode=SINGLE, requiredClusterType=UNKNOWN, serverSelectionTimeout='30000 ms', maxWaitQueueSize=500}
18 Sep 2017, 21:39:22,718 No server chosen by ReadPreferenceServerSelector{readPreference=primary} from cluster description ClusterDescription{type=UNKNOWN, connectionMode=SINGLE, serverDescriptions=[ServerDescription{address=mongo.vnbaivip.com:27017, type=UNKNOWN, state=CONNECTING}]}. Waiting for 30000 ms before timing out
18 Sep 2017, 21:39:22,769 Opened connection [connectionId{localValue:1, serverValue:38091}] to mongo.vnbaivip.com:27017
18 Sep 2017, 21:39:22,797 Monitor thread successfully connected to server with description ServerDescription{address=mongo.vnbaivip.com:27017, type=REPLICA_SET_PRIMARY, state=CONNECTED, ok=true, version=ServerVersion{versionList=[3, 4, 6]}, minWireVersion=0, maxWireVersion=5, maxDocumentSize=16777216, roundTripTimeNanos=23660673, setName='myreplica01', canonicalAddress=gal1:27017, hosts=[gal2:27017, gal1:27017], passives=[], arbiters=[], primary='gal1:27017', tagSet=TagSet{[]}, electionId=7fffffff0000000000000010, setVersion=2, lastWriteDate=Mon Sep 18 21:39:38 ICT 2017, lastUpdateTimeNanos=2846577963224}
18 Sep 2017, 21:39:23,058 Opened connection [connectionId{localValue:2, serverValue:38092}] to mongo.vnbaivip.com:27017
18 Sep 2017, 23:13:36,487 Cluster created with settings {hosts=[mongo.vnbaivip.com:27017], mode=SINGLE, requiredClusterType=UNKNOWN, serverSelectionTimeout='30000 ms', maxWaitQueueSize=500}
18 Sep 2017, 23:13:36,932 No server chosen by ReadPreferenceServerSelector{readPreference=primary} from cluster description ClusterDescription{type=UNKNOWN, connectionMode=SINGLE, serverDescriptions=[ServerDescription{address=mongo.vnbaivip.com:27017, type=UNKNOWN, state=CONNECTING}]}. Waiting for 30000 ms before timing out
18 Sep 2017, 23:13:36,989 Opened connection [connectionId{localValue:1, serverValue:38337}] to mongo.vnbaivip.com:27017
18 Sep 2017, 23:13:37,025 Monitor thread successfully connected to server with description ServerDescription{address=mongo.vnbaivip.com:27017, type=REPLICA_SET_PRIMARY, state=CONNECTED, ok=true, version=ServerVersion{versionList=[3, 4, 6]}, minWireVersion=0, maxWireVersion=5, maxDocumentSize=16777216, roundTripTimeNanos=26402441, setName='myreplica01', canonicalAddress=gal1:27017, hosts=[gal2:27017, gal1:27017], passives=[], arbiters=[], primary='gal1:27017', tagSet=TagSet{[]}, electionId=7fffffff0000000000000010, setVersion=2, lastWriteDate=Mon Sep 18 23:13:48 ICT 2017, lastUpdateTimeNanos=8500816069028}
18 Sep 2017, 23:13:37,278 Opened connection [connectionId{localValue:2, serverValue:38338}] to mongo.vnbaivip.com:27017
18 Sep 2017, 23:15:56,650 Cluster created with settings {hosts=[mongo.vnbaivip.com:27017], mode=SINGLE, requiredClusterType=UNKNOWN, serverSelectionTimeout='30000 ms', maxWaitQueueSize=500}
18 Sep 2017, 23:15:57,072 Opened connection [connectionId{localValue:1, serverValue:38344}] to mongo.vnbaivip.com:27017
18 Sep 2017, 23:15:57,085 No server chosen by ReadPreferenceServerSelector{readPreference=primary} from cluster description ClusterDescription{type=UNKNOWN, connectionMode=SINGLE, serverDescriptions=[ServerDescription{address=mongo.vnbaivip.com:27017, type=UNKNOWN, state=CONNECTING}]}. Waiting for 30000 ms before timing out
18 Sep 2017, 23:15:57,099 Monitor thread successfully connected to server with description ServerDescription{address=mongo.vnbaivip.com:27017, type=REPLICA_SET_PRIMARY, state=CONNECTED, ok=true, version=ServerVersion{versionList=[3, 4, 6]}, minWireVersion=0, maxWireVersion=5, maxDocumentSize=16777216, roundTripTimeNanos=22866857, setName='myreplica01', canonicalAddress=gal1:27017, hosts=[gal2:27017, gal1:27017], passives=[], arbiters=[], primary='gal1:27017', tagSet=TagSet{[]}, electionId=7fffffff0000000000000010, setVersion=2, lastWriteDate=Mon Sep 18 23:16:08 ICT 2017, lastUpdateTimeNanos=8640895703788}
18 Sep 2017, 23:15:57,303 Opened connection [connectionId{localValue:2, serverValue:38345}] to mongo.vnbaivip.com:27017
18 Sep 2017, 23:17:48,271 Cluster created with settings {hosts=[mongo.vnbaivip.com:27017], mode=SINGLE, requiredClusterType=UNKNOWN, serverSelectionTimeout='30000 ms', maxWaitQueueSize=500}
18 Sep 2017, 23:17:48,708 No server chosen by ReadPreferenceServerSelector{readPreference=primary} from cluster description ClusterDescription{type=UNKNOWN, connectionMode=SINGLE, serverDescriptions=[ServerDescription{address=mongo.vnbaivip.com:27017, type=UNKNOWN, state=CONNECTING}]}. Waiting for 30000 ms before timing out
18 Sep 2017, 23:17:48,735 Opened connection [connectionId{localValue:1, serverValue:38350}] to mongo.vnbaivip.com:27017
18 Sep 2017, 23:17:48,763 Monitor thread successfully connected to server with description ServerDescription{address=mongo.vnbaivip.com:27017, type=REPLICA_SET_PRIMARY, state=CONNECTED, ok=true, version=ServerVersion{versionList=[3, 4, 6]}, minWireVersion=0, maxWireVersion=5, maxDocumentSize=16777216, roundTripTimeNanos=23707286, setName='myreplica01', canonicalAddress=gal1:27017, hosts=[gal2:27017, gal1:27017], passives=[], arbiters=[], primary='gal1:27017', tagSet=TagSet{[]}, electionId=7fffffff0000000000000010, setVersion=2, lastWriteDate=Mon Sep 18 23:17:50 ICT 2017, lastUpdateTimeNanos=8752558688352}
18 Sep 2017, 23:17:49,917 Opened connection [connectionId{localValue:2, serverValue:38351}] to mongo.vnbaivip.com:27017
18 Sep 2017, 23:19:37,888 Cluster created with settings {hosts=[mongo.vnbaivip.com:27017], mode=SINGLE, requiredClusterType=UNKNOWN, serverSelectionTimeout='30000 ms', maxWaitQueueSize=500}
18 Sep 2017, 23:19:38,309 Opened connection [connectionId{localValue:1, serverValue:38356}] to mongo.vnbaivip.com:27017
18 Sep 2017, 23:19:38,335 Monitor thread successfully connected to server with description ServerDescription{address=mongo.vnbaivip.com:27017, type=REPLICA_SET_PRIMARY, state=CONNECTED, ok=true, version=ServerVersion{versionList=[3, 4, 6]}, minWireVersion=0, maxWireVersion=5, maxDocumentSize=16777216, roundTripTimeNanos=21294140, setName='myreplica01', canonicalAddress=gal1:27017, hosts=[gal2:27017, gal1:27017], passives=[], arbiters=[], primary='gal1:27017', tagSet=TagSet{[]}, electionId=7fffffff0000000000000010, setVersion=2, lastWriteDate=Mon Sep 18 23:19:48 ICT 2017, lastUpdateTimeNanos=8862130897688}
18 Sep 2017, 23:19:38,553 Opened connection [connectionId{localValue:2, serverValue:38357}] to mongo.vnbaivip.com:27017
18 Sep 2017, 23:21:14,206 Cluster created with settings {hosts=[mongo.vnbaivip.com:27017], mode=SINGLE, requiredClusterType=UNKNOWN, serverSelectionTimeout='30000 ms', maxWaitQueueSize=500}
18 Sep 2017, 23:21:14,630 No server chosen by ReadPreferenceServerSelector{readPreference=primary} from cluster description ClusterDescription{type=UNKNOWN, connectionMode=SINGLE, serverDescriptions=[ServerDescription{address=mongo.vnbaivip.com:27017, type=UNKNOWN, state=CONNECTING}]}. Waiting for 30000 ms before timing out
18 Sep 2017, 23:21:14,637 Opened connection [connectionId{localValue:1, serverValue:38361}] to mongo.vnbaivip.com:27017
18 Sep 2017, 23:21:14,673 Monitor thread successfully connected to server with description ServerDescription{address=mongo.vnbaivip.com:27017, type=REPLICA_SET_PRIMARY, state=CONNECTED, ok=true, version=ServerVersion{versionList=[3, 4, 6]}, minWireVersion=0, maxWireVersion=5, maxDocumentSize=16777216, roundTripTimeNanos=31951231, setName='myreplica01', canonicalAddress=gal1:27017, hosts=[gal2:27017, gal1:27017], passives=[], arbiters=[], primary='gal1:27017', tagSet=TagSet{[]}, electionId=7fffffff0000000000000010, setVersion=2, lastWriteDate=Mon Sep 18 23:21:28 ICT 2017, lastUpdateTimeNanos=8958469069123}
18 Sep 2017, 23:21:14,885 Opened connection [connectionId{localValue:2, serverValue:38362}] to mongo.vnbaivip.com:27017
18 Sep 2017, 23:26:46,312 Cluster created with settings {hosts=[mongo.vnbaivip.com:27017], mode=SINGLE, requiredClusterType=UNKNOWN, serverSelectionTimeout='30000 ms', maxWaitQueueSize=500}
18 Sep 2017, 23:26:46,504 No server chosen by WritableServerSelector from cluster description ClusterDescription{type=UNKNOWN, connectionMode=SINGLE, serverDescriptions=[ServerDescription{address=mongo.vnbaivip.com:27017, type=UNKNOWN, state=CONNECTING}]}. Waiting for 30000 ms before timing out
18 Sep 2017, 23:26:46,784 Opened connection [connectionId{localValue:1, serverValue:38376}] to mongo.vnbaivip.com:27017
18 Sep 2017, 23:26:46,813 Monitor thread successfully connected to server with description ServerDescription{address=mongo.vnbaivip.com:27017, type=REPLICA_SET_PRIMARY, state=CONNECTED, ok=true, version=ServerVersion{versionList=[3, 4, 6]}, minWireVersion=0, maxWireVersion=5, maxDocumentSize=16777216, roundTripTimeNanos=24126802, setName='myreplica01', canonicalAddress=gal1:27017, hosts=[gal2:27017, gal1:27017], passives=[], arbiters=[], primary='gal1:27017', tagSet=TagSet{[]}, electionId=7fffffff0000000000000010, setVersion=2, lastWriteDate=Mon Sep 18 23:26:58 ICT 2017, lastUpdateTimeNanos=9290608175331}
18 Sep 2017, 23:26:47,022 Opened connection [connectionId{localValue:2, serverValue:38377}] to mongo.vnbaivip.com:27017
18 Sep 2017, 23:37:27,862 Cluster created with settings {hosts=[mongo.vnbaivip.com:27017], mode=SINGLE, requiredClusterType=UNKNOWN, serverSelectionTimeout='30000 ms', maxWaitQueueSize=500}
18 Sep 2017, 23:37:28,309 Opened connection [connectionId{localValue:1, serverValue:38419}] to mongo.vnbaivip.com:27017
18 Sep 2017, 23:37:28,311 No server chosen by ReadPreferenceServerSelector{readPreference=primary} from cluster description ClusterDescription{type=UNKNOWN, connectionMode=SINGLE, serverDescriptions=[ServerDescription{address=mongo.vnbaivip.com:27017, type=UNKNOWN, state=CONNECTING}]}. Waiting for 30000 ms before timing out
18 Sep 2017, 23:37:28,341 Monitor thread successfully connected to server with description ServerDescription{address=mongo.vnbaivip.com:27017, type=REPLICA_SET_PRIMARY, state=CONNECTED, ok=true, version=ServerVersion{versionList=[3, 4, 6]}, minWireVersion=0, maxWireVersion=5, maxDocumentSize=16777216, roundTripTimeNanos=26080345, setName='myreplica01', canonicalAddress=gal1:27017, hosts=[gal2:27017, gal1:27017], passives=[], arbiters=[], primary='gal1:27017', tagSet=TagSet{[]}, electionId=7fffffff0000000000000010, setVersion=2, lastWriteDate=Mon Sep 18 23:37:38 ICT 2017, lastUpdateTimeNanos=9932134430941}
18 Sep 2017, 23:37:28,593 Opened connection [connectionId{localValue:2, serverValue:38420}] to mongo.vnbaivip.com:27017
